
> @lottopass/web@0.1.0 dev /Users/seunghoon/Documents/lottopass-frontend/apps/web
> next dev

 тЪа Port 3000 is in use, trying 3001 instead.
 тЪа Port 3001 is in use, trying 3002 instead.
   тЦ▓ Next.js 15.1.6
   - Local:        http://localhost:3002
   - Network:      http://192.168.45.222:3002
   - Environments: .env.local

 тЬУ Starting...
 тЬУ Ready in 14.9s
 тЧЛ Compiling /statistics ...
 тип ./src/app/providers.tsx:4:1
Module not found: Can't resolve '@lottopass/stores'
  2 |
  3 | import { ApiProvider } from '@lottopass/api-client';
> 4 | import { useAuthStore } from '@lottopass/stores';
    | ^
  5 | import { useEffect } from 'react';
  6 |
  7 | export function Providers({ children }: { children: React.ReactNode }) {

https://nextjs.org/docs/messages/module-not-found
 тип ./src/app/providers.tsx:4:1
Module not found: Can't resolve '@lottopass/stores'
  2 |
  3 | import { ApiProvider } from '@lottopass/api-client';
> 4 | import { useAuthStore } from '@lottopass/stores';
    | ^
  5 | import { useEffect } from 'react';
  6 |
  7 | export function Providers({ children }: { children: React.ReactNode }) {

https://nextjs.org/docs/messages/module-not-found
 тип ./src/app/providers.tsx:4:1
Module not found: Can't resolve '@lottopass/stores'
  2 |
  3 | import { ApiProvider } from '@lottopass/api-client';
> 4 | import { useAuthStore } from '@lottopass/stores';
    | ^
  5 | import { useEffect } from 'react';
  6 |
  7 | export function Providers({ children }: { children: React.ReactNode }) {

https://nextjs.org/docs/messages/module-not-found
 GET /statistics 500 in 5321ms
 тип ./src/app/providers.tsx:4:1
Module not found: Can't resolve '@lottopass/stores'
  2 |
  3 | import { ApiProvider } from '@lottopass/api-client';
> 4 | import { useAuthStore } from '@lottopass/stores';
    | ^
  5 | import { useEffect } from 'react';
  6 |
  7 | export function Providers({ children }: { children: React.ReactNode }) {

https://nextjs.org/docs/messages/module-not-found
 GET /api/lottery/statistics?recent=10 500 in 313ms
 GET /api/lottery/statistics?recent=10 500 in 6ms
 тЬУ Compiled /api/lottery/statistics in 2.3s (53 modules)
 тип ./src/app/statistics/page.tsx:21:1
Module not found: Can't resolve '@/components/ui/tabs'
  19 | import { Button } from '@/components/ui/button';
  20 | import { Card, CardContent, CardDescription, CardHeader, CardTitle } from '@/components/ui/card';
> 21 | import { Tabs, TabsContent, TabsList, TabsTrigger } from '@/components/ui/tabs';
     | ^
  22 | import { Select, SelectContent, SelectItem, SelectTrigger, SelectValue } from '@/components/ui/select';
  23 |
  24 | // Register ChartJS components

https://nextjs.org/docs/messages/module-not-found
 тип ./src/app/statistics/page.tsx:21:1
Module not found: Can't resolve '@/components/ui/tabs'
  19 | import { Button } from '@/components/ui/button';
  20 | import { Card, CardContent, CardDescription, CardHeader, CardTitle } from '@/components/ui/card';
> 21 | import { Tabs, TabsContent, TabsList, TabsTrigger } from '@/components/ui/tabs';
     | ^
  22 | import { Select, SelectContent, SelectItem, SelectTrigger, SelectValue } from '@/components/ui/select';
  23 |
  24 | // Register ChartJS components

https://nextjs.org/docs/messages/module-not-found
 тип ./src/app/statistics/page.tsx:21:1
Module not found: Can't resolve '@/components/ui/tabs'
  19 | import { Button } from '@/components/ui/button';
  20 | import { Card, CardContent, CardDescription, CardHeader, CardTitle } from '@/components/ui/card';
> 21 | import { Tabs, TabsContent, TabsList, TabsTrigger } from '@/components/ui/tabs';
     | ^
  22 | import { Select, SelectContent, SelectItem, SelectTrigger, SelectValue } from '@/components/ui/select';
  23 |
  24 | // Register ChartJS components

https://nextjs.org/docs/messages/module-not-found
 тип ./src/app/statistics/page.tsx:21:1
Module not found: Can't resolve '@/components/ui/tabs'
  19 | import { Button } from '@/components/ui/button';
  20 | import { Card, CardContent, CardDescription, CardHeader, CardTitle } from '@/components/ui/card';
> 21 | import { Tabs, TabsContent, TabsList, TabsTrigger } from '@/components/ui/tabs';
     | ^
  22 | import { Select, SelectContent, SelectItem, SelectTrigger, SelectValue } from '@/components/ui/select';
  23 |
  24 | // Register ChartJS components

https://nextjs.org/docs/messages/module-not-found
 тип ./src/app/statistics/page.tsx:21:1
Module not found: Can't resolve '@/components/ui/tabs'
  19 | import { Button } from '@/components/ui/button';
  20 | import { Card, CardContent, CardDescription, CardHeader, CardTitle } from '@/components/ui/card';
> 21 | import { Tabs, TabsContent, TabsList, TabsTrigger } from '@/components/ui/tabs';
     | ^
  22 | import { Select, SelectContent, SelectItem, SelectTrigger, SelectValue } from '@/components/ui/select';
  23 |
  24 | // Register ChartJS components

https://nextjs.org/docs/messages/module-not-found
 тип ./src/app/statistics/page.tsx:21:1
Module not found: Can't resolve '@/components/ui/tabs'
  19 | import { Button } from '@/components/ui/button';
  20 | import { Card, CardContent, CardDescription, CardHeader, CardTitle } from '@/components/ui/card';
> 21 | import { Tabs, TabsContent, TabsList, TabsTrigger } from '@/components/ui/tabs';
     | ^
  22 | import { Select, SelectContent, SelectItem, SelectTrigger, SelectValue } from '@/components/ui/select';
  23 |
  24 | // Register ChartJS components

https://nextjs.org/docs/messages/module-not-found
 тип ./src/app/statistics/page.tsx:21:1
Module not found: Can't resolve '@/components/ui/tabs'
  19 | import { Button } from '@/components/ui/button';
  20 | import { Card, CardContent, CardDescription, CardHeader, CardTitle } from '@/components/ui/card';
> 21 | import { Tabs, TabsContent, TabsList, TabsTrigger } from '@/components/ui/tabs';
     | ^
  22 | import { Select, SelectContent, SelectItem, SelectTrigger, SelectValue } from '@/components/ui/select';
  23 |
  24 | // Register ChartJS components

https://nextjs.org/docs/messages/module-not-found
 тип ./src/app/statistics/page.tsx:21:1
Module not found: Can't resolve '@/components/ui/tabs'
  19 | import { Button } from '@/components/ui/button';
  20 | import { Card, CardContent, CardDescription, CardHeader, CardTitle } from '@/components/ui/card';
> 21 | import { Tabs, TabsContent, TabsList, TabsTrigger } from '@/components/ui/tabs';
     | ^
  22 | import { Select, SelectContent, SelectItem, SelectTrigger, SelectValue } from '@/components/ui/select';
  23 |
  24 | // Register ChartJS components

https://nextjs.org/docs/messages/module-not-found
 тип ./src/app/statistics/page.tsx:21:1
Module not found: Can't resolve '@/components/ui/tabs'
  19 | import { Button } from '@/components/ui/button';
  20 | import { Card, CardContent, CardDescription, CardHeader, CardTitle } from '@/components/ui/card';
> 21 | import { Tabs, TabsContent, TabsList, TabsTrigger } from '@/components/ui/tabs';
     | ^
  22 | import { Select, SelectContent, SelectItem, SelectTrigger, SelectValue } from '@/components/ui/select';
  23 |
  24 | // Register ChartJS components

https://nextjs.org/docs/messages/module-not-found
 тип ./src/app/statistics/page.tsx:21:1
Module not found: Can't resolve '@/components/ui/tabs'
  19 | import { Button } from '@/components/ui/button';
  20 | import { Card, CardContent, CardDescription, CardHeader, CardTitle } from '@/components/ui/card';
> 21 | import { Tabs, TabsContent, TabsList, TabsTrigger } from '@/components/ui/tabs';
     | ^
  22 | import { Select, SelectContent, SelectItem, SelectTrigger, SelectValue } from '@/components/ui/select';
  23 |
  24 | // Register ChartJS components

https://nextjs.org/docs/messages/module-not-found
 тип ./src/app/statistics/page.tsx:21:1
Module not found: Can't resolve '@/components/ui/tabs'
  19 | import { Button } from '@/components/ui/button';
  20 | import { Card, CardContent, CardDescription, CardHeader, CardTitle } from '@/components/ui/card';
> 21 | import { Tabs, TabsContent, TabsList, TabsTrigger } from '@/components/ui/tabs';
     | ^
  22 | import { Select, SelectContent, SelectItem, SelectTrigger, SelectValue } from '@/components/ui/select';
  23 |
  24 | // Register ChartJS components

https://nextjs.org/docs/messages/module-not-found
 тип ./src/app/statistics/page.tsx:21:1
Module not found: Can't resolve '@/components/ui/tabs'
  19 | import { Button } from '@/components/ui/button';
  20 | import { Card, CardContent, CardDescription, CardHeader, CardTitle } from '@/components/ui/card';
> 21 | import { Tabs, TabsContent, TabsList, TabsTrigger } from '@/components/ui/tabs';
     | ^
  22 | import { Select, SelectContent, SelectItem, SelectTrigger, SelectValue } from '@/components/ui/select';
  23 |
  24 | // Register ChartJS components

https://nextjs.org/docs/messages/module-not-found
 тип ./src/app/statistics/page.tsx:21:1
Module not found: Can't resolve '@/components/ui/tabs'
  19 | import { Button } from '@/components/ui/button';
  20 | import { Card, CardContent, CardDescription, CardHeader, CardTitle } from '@/components/ui/card';
> 21 | import { Tabs, TabsContent, TabsList, TabsTrigger } from '@/components/ui/tabs';
     | ^
  22 | import { Select, SelectContent, SelectItem, SelectTrigger, SelectValue } from '@/components/ui/select';
  23 |
  24 | // Register ChartJS components

https://nextjs.org/docs/messages/module-not-found
 тип ./src/app/statistics/page.tsx:21:1
Module not found: Can't resolve '@/components/ui/tabs'
  19 | import { Button } from '@/components/ui/button';
  20 | import { Card, CardContent, CardDescription, CardHeader, CardTitle } from '@/components/ui/card';
> 21 | import { Tabs, TabsContent, TabsList, TabsTrigger } from '@/components/ui/tabs';
     | ^
  22 | import { Select, SelectContent, SelectItem, SelectTrigger, SelectValue } from '@/components/ui/select';
  23 |
  24 | // Register ChartJS components

https://nextjs.org/docs/messages/module-not-found
 тип ./src/app/statistics/page.tsx:21:1
Module not found: Can't resolve '@/components/ui/tabs'
  19 | import { Button } from '@/components/ui/button';
  20 | import { Card, CardContent, CardDescription, CardHeader, CardTitle } from '@/components/ui/card';
> 21 | import { Tabs, TabsContent, TabsList, TabsTrigger } from '@/components/ui/tabs';
     | ^
  22 | import { Select, SelectContent, SelectItem, SelectTrigger, SelectValue } from '@/components/ui/select';
  23 |
  24 | // Register ChartJS components

https://nextjs.org/docs/messages/module-not-found
 тип ./src/app/statistics/page.tsx:21:1
Module not found: Can't resolve '@/components/ui/tabs'
  19 | import { Button } from '@/components/ui/button';
  20 | import { Card, CardContent, CardDescription, CardHeader, CardTitle } from '@/components/ui/card';
> 21 | import { Tabs, TabsContent, TabsList, TabsTrigger } from '@/components/ui/tabs';
     | ^
  22 | import { Select, SelectContent, SelectItem, SelectTrigger, SelectValue } from '@/components/ui/select';
  23 |
  24 | // Register ChartJS components

https://nextjs.org/docs/messages/module-not-found
 тип ./src/app/statistics/page.tsx:21:1
Module not found: Can't resolve '@/components/ui/tabs'
  19 | import { Button } from '@/components/ui/button';
  20 | import { Card, CardContent, CardDescription, CardHeader, CardTitle } from '@/components/ui/card';
> 21 | import { Tabs, TabsContent, TabsList, TabsTrigger } from '@/components/ui/tabs';
     | ^
  22 | import { Select, SelectContent, SelectItem, SelectTrigger, SelectValue } from '@/components/ui/select';
  23 |
  24 | // Register ChartJS components

https://nextjs.org/docs/messages/module-not-found
 тип ./src/app/statistics/page.tsx:21:1
Module not found: Can't resolve '@/components/ui/tabs'
  19 | import { Button } from '@/components/ui/button';
  20 | import { Card, CardContent, CardDescription, CardHeader, CardTitle } from '@/components/ui/card';
> 21 | import { Tabs, TabsContent, TabsList, TabsTrigger } from '@/components/ui/tabs';
     | ^
  22 | import { Select, SelectContent, SelectItem, SelectTrigger, SelectValue } from '@/components/ui/select';
  23 |
  24 | // Register ChartJS components

https://nextjs.org/docs/messages/module-not-found
 тип ./src/app/statistics/page.tsx:21:1
Module not found: Can't resolve '@/components/ui/tabs'
  19 | import { Button } from '@/components/ui/button';
  20 | import { Card, CardContent, CardDescription, CardHeader, CardTitle } from '@/components/ui/card';
> 21 | import { Tabs, TabsContent, TabsList, TabsTrigger } from '@/components/ui/tabs';
     | ^
  22 | import { Select, SelectContent, SelectItem, SelectTrigger, SelectValue } from '@/components/ui/select';
  23 |
  24 | // Register ChartJS components

https://nextjs.org/docs/messages/module-not-found
 тип ./src/app/statistics/page.tsx:21:1
Module not found: Can't resolve '@/components/ui/tabs'
  19 | import { Button } from '@/components/ui/button';
  20 | import { Card, CardContent, CardDescription, CardHeader, CardTitle } from '@/components/ui/card';
> 21 | import { Tabs, TabsContent, TabsList, TabsTrigger } from '@/components/ui/tabs';
     | ^
  22 | import { Select, SelectContent, SelectItem, SelectTrigger, SelectValue } from '@/components/ui/select';
  23 |
  24 | // Register ChartJS components

https://nextjs.org/docs/messages/module-not-found
 тип ./src/app/statistics/page.tsx:21:1
Module not found: Can't resolve '@/components/ui/tabs'
  19 | import { Button } from '@/components/ui/button';
  20 | import { Card, CardContent, CardDescription, CardHeader, CardTitle } from '@/components/ui/card';
> 21 | import { Tabs, TabsContent, TabsList, TabsTrigger } from '@/components/ui/tabs';
     | ^
  22 | import { Select, SelectContent, SelectItem, SelectTrigger, SelectValue } from '@/components/ui/select';
  23 |
  24 | // Register ChartJS components

https://nextjs.org/docs/messages/module-not-found
 тип ./src/app/statistics/page.tsx:21:1
Module not found: Can't resolve '@/components/ui/tabs'
  19 | import { Button } from '@/components/ui/button';
  20 | import { Card, CardContent, CardDescription, CardHeader, CardTitle } from '@/components/ui/card';
> 21 | import { Tabs, TabsContent, TabsList, TabsTrigger } from '@/components/ui/tabs';
     | ^
  22 | import { Select, SelectContent, SelectItem, SelectTrigger, SelectValue } from '@/components/ui/select';
  23 |
  24 | // Register ChartJS components

https://nextjs.org/docs/messages/module-not-found
 тип ./src/app/statistics/page.tsx:21:1
Module not found: Can't resolve '@/components/ui/tabs'
  19 | import { Button } from '@/components/ui/button';
  20 | import { Card, CardContent, CardDescription, CardHeader, CardTitle } from '@/components/ui/card';
> 21 | import { Tabs, TabsContent, TabsList, TabsTrigger } from '@/components/ui/tabs';
     | ^
  22 | import { Select, SelectContent, SelectItem, SelectTrigger, SelectValue } from '@/components/ui/select';
  23 |
  24 | // Register ChartJS components

https://nextjs.org/docs/messages/module-not-found
 тип ./src/app/statistics/page.tsx:21:1
Module not found: Can't resolve '@/components/ui/tabs'
  19 | import { Button } from '@/components/ui/button';
  20 | import { Card, CardContent, CardDescription, CardHeader, CardTitle } from '@/components/ui/card';
> 21 | import { Tabs, TabsContent, TabsList, TabsTrigger } from '@/components/ui/tabs';
     | ^
  22 | import { Select, SelectContent, SelectItem, SelectTrigger, SelectValue } from '@/components/ui/select';
  23 |
  24 | // Register ChartJS components

https://nextjs.org/docs/messages/module-not-found
 тип ./src/app/statistics/page.tsx:21:1
Module not found: Can't resolve '@/components/ui/tabs'
  19 | import { Button } from '@/components/ui/button';
  20 | import { Card, CardContent, CardDescription, CardHeader, CardTitle } from '@/components/ui/card';
> 21 | import { Tabs, TabsContent, TabsList, TabsTrigger } from '@/components/ui/tabs';
     | ^
  22 | import { Select, SelectContent, SelectItem, SelectTrigger, SelectValue } from '@/components/ui/select';
  23 |
  24 | // Register ChartJS components

https://nextjs.org/docs/messages/module-not-found
 тип ./src/app/statistics/page.tsx:21:1
Module not found: Can't resolve '@/components/ui/tabs'
  19 | import { Button } from '@/components/ui/button';
  20 | import { Card, CardContent, CardDescription, CardHeader, CardTitle } from '@/components/ui/card';
> 21 | import { Tabs, TabsContent, TabsList, TabsTrigger } from '@/components/ui/tabs';
     | ^
  22 | import { Select, SelectContent, SelectItem, SelectTrigger, SelectValue } from '@/components/ui/select';
  23 |
  24 | // Register ChartJS components

https://nextjs.org/docs/messages/module-not-found
 тип ./src/app/statistics/page.tsx:21:1
Module not found: Can't resolve '@/components/ui/tabs'
  19 | import { Button } from '@/components/ui/button';
  20 | import { Card, CardContent, CardDescription, CardHeader, CardTitle } from '@/components/ui/card';
> 21 | import { Tabs, TabsContent, TabsList, TabsTrigger } from '@/components/ui/tabs';
     | ^
  22 | import { Select, SelectContent, SelectItem, SelectTrigger, SelectValue } from '@/components/ui/select';
  23 |
  24 | // Register ChartJS components

https://nextjs.org/docs/messages/module-not-found
 тип ./src/app/statistics/page.tsx:21:1
Module not found: Can't resolve '@/components/ui/tabs'
  19 | import { Button } from '@/components/ui/button';
  20 | import { Card, CardContent, CardDescription, CardHeader, CardTitle } from '@/components/ui/card';
> 21 | import { Tabs, TabsContent, TabsList, TabsTrigger } from '@/components/ui/tabs';
     | ^
  22 | import { Select, SelectContent, SelectItem, SelectTrigger, SelectValue } from '@/components/ui/select';
  23 |
  24 | // Register ChartJS components

https://nextjs.org/docs/messages/module-not-found
 тип ./src/app/statistics/page.tsx:21:1
Module not found: Can't resolve '@/components/ui/tabs'
  19 | import { Button } from '@/components/ui/button';
  20 | import { Card, CardContent, CardDescription, CardHeader, CardTitle } from '@/components/ui/card';
> 21 | import { Tabs, TabsContent, TabsList, TabsTrigger } from '@/components/ui/tabs';
     | ^
  22 | import { Select, SelectContent, SelectItem, SelectTrigger, SelectValue } from '@/components/ui/select';
  23 |
  24 | // Register ChartJS components

https://nextjs.org/docs/messages/module-not-found
 тип ./src/app/statistics/page.tsx:21:1
Module not found: Can't resolve '@/components/ui/tabs'
  19 | import { Button } from '@/components/ui/button';
  20 | import { Card, CardContent, CardDescription, CardHeader, CardTitle } from '@/components/ui/card';
> 21 | import { Tabs, TabsContent, TabsList, TabsTrigger } from '@/components/ui/tabs';
     | ^
  22 | import { Select, SelectContent, SelectItem, SelectTrigger, SelectValue } from '@/components/ui/select';
  23 |
  24 | // Register ChartJS components

https://nextjs.org/docs/messages/module-not-found
 тип ./src/app/statistics/page.tsx:21:1
Module not found: Can't resolve '@/components/ui/tabs'
  19 | import { Button } from '@/components/ui/button';
  20 | import { Card, CardContent, CardDescription, CardHeader, CardTitle } from '@/components/ui/card';
> 21 | import { Tabs, TabsContent, TabsList, TabsTrigger } from '@/components/ui/tabs';
     | ^
  22 | import { Select, SelectContent, SelectItem, SelectTrigger, SelectValue } from '@/components/ui/select';
  23 |
  24 | // Register ChartJS components

https://nextjs.org/docs/messages/module-not-found
 тип ./src/app/statistics/page.tsx:21:1
Module not found: Can't resolve '@/components/ui/tabs'
  19 | import { Button } from '@/components/ui/button';
  20 | import { Card, CardContent, CardDescription, CardHeader, CardTitle } from '@/components/ui/card';
> 21 | import { Tabs, TabsContent, TabsList, TabsTrigger } from '@/components/ui/tabs';
     | ^
  22 | import { Select, SelectContent, SelectItem, SelectTrigger, SelectValue } from '@/components/ui/select';
  23 |
  24 | // Register ChartJS components

https://nextjs.org/docs/messages/module-not-found
 тип ./src/app/statistics/page.tsx:21:1
Module not found: Can't resolve '@/components/ui/tabs'
  19 | import { Button } from '@/components/ui/button';
  20 | import { Card, CardContent, CardDescription, CardHeader, CardTitle } from '@/components/ui/card';
> 21 | import { Tabs, TabsContent, TabsList, TabsTrigger } from '@/components/ui/tabs';
     | ^
  22 | import { Select, SelectContent, SelectItem, SelectTrigger, SelectValue } from '@/components/ui/select';
  23 |
  24 | // Register ChartJS components

https://nextjs.org/docs/messages/module-not-found
 тип ./src/app/statistics/page.tsx:21:1
Module not found: Can't resolve '@/components/ui/tabs'
  19 | import { Button } from '@/components/ui/button';
  20 | import { Card, CardContent, CardDescription, CardHeader, CardTitle } from '@/components/ui/card';
> 21 | import { Tabs, TabsContent, TabsList, TabsTrigger } from '@/components/ui/tabs';
     | ^
  22 | import { Select, SelectContent, SelectItem, SelectTrigger, SelectValue } from '@/components/ui/select';
  23 |
  24 | // Register ChartJS components

https://nextjs.org/docs/messages/module-not-found
 тип ./src/app/statistics/page.tsx:21:1
Module not found: Can't resolve '@/components/ui/tabs'
  19 | import { Button } from '@/components/ui/button';
  20 | import { Card, CardContent, CardDescription, CardHeader, CardTitle } from '@/components/ui/card';
> 21 | import { Tabs, TabsContent, TabsList, TabsTrigger } from '@/components/ui/tabs';
     | ^
  22 | import { Select, SelectContent, SelectItem, SelectTrigger, SelectValue } from '@/components/ui/select';
  23 |
  24 | // Register ChartJS components

https://nextjs.org/docs/messages/module-not-found
 тип ./src/app/statistics/page.tsx:21:1
Module not found: Can't resolve '@/components/ui/tabs'
  19 | import { Button } from '@/components/ui/button';
  20 | import { Card, CardContent, CardDescription, CardHeader, CardTitle } from '@/components/ui/card';
> 21 | import { Tabs, TabsContent, TabsList, TabsTrigger } from '@/components/ui/tabs';
     | ^
  22 | import { Select, SelectContent, SelectItem, SelectTrigger, SelectValue } from '@/components/ui/select';
  23 |
  24 | // Register ChartJS components

https://nextjs.org/docs/messages/module-not-found
 тип ./src/app/statistics/page.tsx:21:1
Module not found: Can't resolve '@/components/ui/tabs'
  19 | import { Button } from '@/components/ui/button';
  20 | import { Card, CardContent, CardDescription, CardHeader, CardTitle } from '@/components/ui/card';
> 21 | import { Tabs, TabsContent, TabsList, TabsTrigger } from '@/components/ui/tabs';
     | ^
  22 | import { Select, SelectContent, SelectItem, SelectTrigger, SelectValue } from '@/components/ui/select';
  23 |
  24 | // Register ChartJS components

https://nextjs.org/docs/messages/module-not-found
 тип ./src/app/statistics/page.tsx:21:1
Module not found: Can't resolve '@/components/ui/tabs'
  19 | import { Button } from '@/components/ui/button';
  20 | import { Card, CardContent, CardDescription, CardHeader, CardTitle } from '@/components/ui/card';
> 21 | import { Tabs, TabsContent, TabsList, TabsTrigger } from '@/components/ui/tabs';
     | ^
  22 | import { Select, SelectContent, SelectItem, SelectTrigger, SelectValue } from '@/components/ui/select';
  23 |
  24 | // Register ChartJS components

https://nextjs.org/docs/messages/module-not-found
 тип ./src/app/statistics/page.tsx:21:1
Module not found: Can't resolve '@/components/ui/tabs'
  19 | import { Button } from '@/components/ui/button';
  20 | import { Card, CardContent, CardDescription, CardHeader, CardTitle } from '@/components/ui/card';
> 21 | import { Tabs, TabsContent, TabsList, TabsTrigger } from '@/components/ui/tabs';
     | ^
  22 | import { Select, SelectContent, SelectItem, SelectTrigger, SelectValue } from '@/components/ui/select';
  23 |
  24 | // Register ChartJS components

https://nextjs.org/docs/messages/module-not-found
 тип ./src/app/statistics/page.tsx:21:1
Module not found: Can't resolve '@/components/ui/tabs'
  19 | import { Button } from '@/components/ui/button';
  20 | import { Card, CardContent, CardDescription, CardHeader, CardTitle } from '@/components/ui/card';
> 21 | import { Tabs, TabsContent, TabsList, TabsTrigger } from '@/components/ui/tabs';
     | ^
  22 | import { Select, SelectContent, SelectItem, SelectTrigger, SelectValue } from '@/components/ui/select';
  23 |
  24 | // Register ChartJS components

https://nextjs.org/docs/messages/module-not-found
 тип ./src/app/statistics/page.tsx:21:1
Module not found: Can't resolve '@/components/ui/tabs'
  19 | import { Button } from '@/components/ui/button';
  20 | import { Card, CardContent, CardDescription, CardHeader, CardTitle } from '@/components/ui/card';
> 21 | import { Tabs, TabsContent, TabsList, TabsTrigger } from '@/components/ui/tabs';
     | ^
  22 | import { Select, SelectContent, SelectItem, SelectTrigger, SelectValue } from '@/components/ui/select';
  23 |
  24 | // Register ChartJS components

https://nextjs.org/docs/messages/module-not-found
 тип ./src/app/statistics/page.tsx:21:1
Module not found: Can't resolve '@/components/ui/tabs'
  19 | import { Button } from '@/components/ui/button';
  20 | import { Card, CardContent, CardDescription, CardHeader, CardTitle } from '@/components/ui/card';
> 21 | import { Tabs, TabsContent, TabsList, TabsTrigger } from '@/components/ui/tabs';
     | ^
  22 | import { Select, SelectContent, SelectItem, SelectTrigger, SelectValue } from '@/components/ui/select';
  23 |
  24 | // Register ChartJS components

https://nextjs.org/docs/messages/module-not-found
 тип ./src/app/statistics/page.tsx:21:1
Module not found: Can't resolve '@/components/ui/tabs'
  19 | import { Button } from '@/components/ui/button';
  20 | import { Card, CardContent, CardDescription, CardHeader, CardTitle } from '@/components/ui/card';
> 21 | import { Tabs, TabsContent, TabsList, TabsTrigger } from '@/components/ui/tabs';
     | ^
  22 | import { Select, SelectContent, SelectItem, SelectTrigger, SelectValue } from '@/components/ui/select';
  23 |
  24 | // Register ChartJS components

https://nextjs.org/docs/messages/module-not-found
 тип ./src/app/statistics/page.tsx:21:1
Module not found: Can't resolve '@/components/ui/tabs'
  19 | import { Button } from '@/components/ui/button';
  20 | import { Card, CardContent, CardDescription, CardHeader, CardTitle } from '@/components/ui/card';
> 21 | import { Tabs, TabsContent, TabsList, TabsTrigger } from '@/components/ui/tabs';
     | ^
  22 | import { Select, SelectContent, SelectItem, SelectTrigger, SelectValue } from '@/components/ui/select';
  23 |
  24 | // Register ChartJS components

https://nextjs.org/docs/messages/module-not-found
 тип ./src/app/statistics/page.tsx:21:1
Module not found: Can't resolve '@/components/ui/tabs'
  19 | import { Button } from '@/components/ui/button';
  20 | import { Card, CardContent, CardDescription, CardHeader, CardTitle } from '@/components/ui/card';
> 21 | import { Tabs, TabsContent, TabsList, TabsTrigger } from '@/components/ui/tabs';
     | ^
  22 | import { Select, SelectContent, SelectItem, SelectTrigger, SelectValue } from '@/components/ui/select';
  23 |
  24 | // Register ChartJS components

https://nextjs.org/docs/messages/module-not-found
 тип ./src/app/statistics/page.tsx:21:1
Module not found: Can't resolve '@/components/ui/tabs'
  19 | import { Button } from '@/components/ui/button';
  20 | import { Card, CardContent, CardDescription, CardHeader, CardTitle } from '@/components/ui/card';
> 21 | import { Tabs, TabsContent, TabsList, TabsTrigger } from '@/components/ui/tabs';
     | ^
  22 | import { Select, SelectContent, SelectItem, SelectTrigger, SelectValue } from '@/components/ui/select';
  23 |
  24 | // Register ChartJS components

https://nextjs.org/docs/messages/module-not-found
 тип ./src/app/statistics/page.tsx:21:1
Module not found: Can't resolve '@/components/ui/tabs'
  19 | import { Button } from '@/components/ui/button';
  20 | import { Card, CardContent, CardDescription, CardHeader, CardTitle } from '@/components/ui/card';
> 21 | import { Tabs, TabsContent, TabsList, TabsTrigger } from '@/components/ui/tabs';
     | ^
  22 | import { Select, SelectContent, SelectItem, SelectTrigger, SelectValue } from '@/components/ui/select';
  23 |
  24 | // Register ChartJS components

https://nextjs.org/docs/messages/module-not-found
 тип ./src/app/statistics/page.tsx:21:1
Module not found: Can't resolve '@/components/ui/tabs'
  19 | import { Button } from '@/components/ui/button';
  20 | import { Card, CardContent, CardDescription, CardHeader, CardTitle } from '@/components/ui/card';
> 21 | import { Tabs, TabsContent, TabsList, TabsTrigger } from '@/components/ui/tabs';
     | ^
  22 | import { Select, SelectContent, SelectItem, SelectTrigger, SelectValue } from '@/components/ui/select';
  23 |
  24 | // Register ChartJS components

https://nextjs.org/docs/messages/module-not-found
 тип ./src/app/statistics/page.tsx:21:1
Module not found: Can't resolve '@/components/ui/tabs'
  19 | import { Button } from '@/components/ui/button';
  20 | import { Card, CardContent, CardDescription, CardHeader, CardTitle } from '@/components/ui/card';
> 21 | import { Tabs, TabsContent, TabsList, TabsTrigger } from '@/components/ui/tabs';
     | ^
  22 | import { Select, SelectContent, SelectItem, SelectTrigger, SelectValue } from '@/components/ui/select';
  23 |
  24 | // Register ChartJS components

https://nextjs.org/docs/messages/module-not-found
 тип ./src/app/statistics/page.tsx:21:1
Module not found: Can't resolve '@/components/ui/tabs'
  19 | import { Button } from '@/components/ui/button';
  20 | import { Card, CardContent, CardDescription, CardHeader, CardTitle } from '@/components/ui/card';
> 21 | import { Tabs, TabsContent, TabsList, TabsTrigger } from '@/components/ui/tabs';
     | ^
  22 | import { Select, SelectContent, SelectItem, SelectTrigger, SelectValue } from '@/components/ui/select';
  23 |
  24 | // Register ChartJS components

https://nextjs.org/docs/messages/module-not-found
 тип ./src/app/statistics/page.tsx:21:1
Module not found: Can't resolve '@/components/ui/tabs'
  19 | import { Button } from '@/components/ui/button';
  20 | import { Card, CardContent, CardDescription, CardHeader, CardTitle } from '@/components/ui/card';
> 21 | import { Tabs, TabsContent, TabsList, TabsTrigger } from '@/components/ui/tabs';
     | ^
  22 | import { Select, SelectContent, SelectItem, SelectTrigger, SelectValue } from '@/components/ui/select';
  23 |
  24 | // Register ChartJS components

https://nextjs.org/docs/messages/module-not-found
 тип ./src/app/statistics/page.tsx:21:1
Module not found: Can't resolve '@/components/ui/tabs'
  19 | import { Button } from '@/components/ui/button';
  20 | import { Card, CardContent, CardDescription, CardHeader, CardTitle } from '@/components/ui/card';
> 21 | import { Tabs, TabsContent, TabsList, TabsTrigger } from '@/components/ui/tabs';
     | ^
  22 | import { Select, SelectContent, SelectItem, SelectTrigger, SelectValue } from '@/components/ui/select';
  23 |
  24 | // Register ChartJS components

https://nextjs.org/docs/messages/module-not-found
 тип ./src/app/statistics/page.tsx:21:1
Module not found: Can't resolve '@/components/ui/tabs'
  19 | import { Button } from '@/components/ui/button';
  20 | import { Card, CardContent, CardDescription, CardHeader, CardTitle } from '@/components/ui/card';
> 21 | import { Tabs, TabsContent, TabsList, TabsTrigger } from '@/components/ui/tabs';
     | ^
  22 | import { Select, SelectContent, SelectItem, SelectTrigger, SelectValue } from '@/components/ui/select';
  23 |
  24 | // Register ChartJS components

https://nextjs.org/docs/messages/module-not-found
 тип ./src/app/statistics/page.tsx:21:1
Module not found: Can't resolve '@/components/ui/tabs'
  19 | import { Button } from '@/components/ui/button';
  20 | import { Card, CardContent, CardDescription, CardHeader, CardTitle } from '@/components/ui/card';
> 21 | import { Tabs, TabsContent, TabsList, TabsTrigger } from '@/components/ui/tabs';
     | ^
  22 | import { Select, SelectContent, SelectItem, SelectTrigger, SelectValue } from '@/components/ui/select';
  23 |
  24 | // Register ChartJS components

https://nextjs.org/docs/messages/module-not-found
 тип ./src/app/statistics/page.tsx:21:1
Module not found: Can't resolve '@/components/ui/tabs'
  19 | import { Button } from '@/components/ui/button';
  20 | import { Card, CardContent, CardDescription, CardHeader, CardTitle } from '@/components/ui/card';
> 21 | import { Tabs, TabsContent, TabsList, TabsTrigger } from '@/components/ui/tabs';
     | ^
  22 | import { Select, SelectContent, SelectItem, SelectTrigger, SelectValue } from '@/components/ui/select';
  23 |
  24 | // Register ChartJS components

https://nextjs.org/docs/messages/module-not-found
 тип ./src/app/statistics/page.tsx:21:1
Module not found: Can't resolve '@/components/ui/tabs'
  19 | import { Button } from '@/components/ui/button';
  20 | import { Card, CardContent, CardDescription, CardHeader, CardTitle } from '@/components/ui/card';
> 21 | import { Tabs, TabsContent, TabsList, TabsTrigger } from '@/components/ui/tabs';
     | ^
  22 | import { Select, SelectContent, SelectItem, SelectTrigger, SelectValue } from '@/components/ui/select';
  23 |
  24 | // Register ChartJS components

https://nextjs.org/docs/messages/module-not-found
 тип ./src/app/statistics/page.tsx:21:1
Module not found: Can't resolve '@/components/ui/tabs'
  19 | import { Button } from '@/components/ui/button';
  20 | import { Card, CardContent, CardDescription, CardHeader, CardTitle } from '@/components/ui/card';
> 21 | import { Tabs, TabsContent, TabsList, TabsTrigger } from '@/components/ui/tabs';
     | ^
  22 | import { Select, SelectContent, SelectItem, SelectTrigger, SelectValue } from '@/components/ui/select';
  23 |
  24 | // Register ChartJS components

https://nextjs.org/docs/messages/module-not-found
 тип ./src/app/statistics/page.tsx:21:1
Module not found: Can't resolve '@/components/ui/tabs'
  19 | import { Button } from '@/components/ui/button';
  20 | import { Card, CardContent, CardDescription, CardHeader, CardTitle } from '@/components/ui/card';
> 21 | import { Tabs, TabsContent, TabsList, TabsTrigger } from '@/components/ui/tabs';
     | ^
  22 | import { Select, SelectContent, SelectItem, SelectTrigger, SelectValue } from '@/components/ui/select';
  23 |
  24 | // Register ChartJS components

https://nextjs.org/docs/messages/module-not-found
 тип ./src/app/statistics/page.tsx:21:1
Module not found: Can't resolve '@/components/ui/tabs'
  19 | import { Button } from '@/components/ui/button';
  20 | import { Card, CardContent, CardDescription, CardHeader, CardTitle } from '@/components/ui/card';
> 21 | import { Tabs, TabsContent, TabsList, TabsTrigger } from '@/components/ui/tabs';
     | ^
  22 | import { Select, SelectContent, SelectItem, SelectTrigger, SelectValue } from '@/components/ui/select';
  23 |
  24 | // Register ChartJS components

https://nextjs.org/docs/messages/module-not-found
 тип ./src/app/statistics/page.tsx:21:1
Module not found: Can't resolve '@/components/ui/tabs'
  19 | import { Button } from '@/components/ui/button';
  20 | import { Card, CardContent, CardDescription, CardHeader, CardTitle } from '@/components/ui/card';
> 21 | import { Tabs, TabsContent, TabsList, TabsTrigger } from '@/components/ui/tabs';
     | ^
  22 | import { Select, SelectContent, SelectItem, SelectTrigger, SelectValue } from '@/components/ui/select';
  23 |
  24 | // Register ChartJS components

https://nextjs.org/docs/messages/module-not-found
 тип ./src/app/statistics/page.tsx:21:1
Module not found: Can't resolve '@/components/ui/tabs'
  19 | import { Button } from '@/components/ui/button';
  20 | import { Card, CardContent, CardDescription, CardHeader, CardTitle } from '@/components/ui/card';
> 21 | import { Tabs, TabsContent, TabsList, TabsTrigger } from '@/components/ui/tabs';
     | ^
  22 | import { Select, SelectContent, SelectItem, SelectTrigger, SelectValue } from '@/components/ui/select';
  23 |
  24 | // Register ChartJS components

https://nextjs.org/docs/messages/module-not-found
 тип ./src/app/statistics/page.tsx:21:1
Module not found: Can't resolve '@/components/ui/tabs'
  19 | import { Button } from '@/components/ui/button';
  20 | import { Card, CardContent, CardDescription, CardHeader, CardTitle } from '@/components/ui/card';
> 21 | import { Tabs, TabsContent, TabsList, TabsTrigger } from '@/components/ui/tabs';
     | ^
  22 | import { Select, SelectContent, SelectItem, SelectTrigger, SelectValue } from '@/components/ui/select';
  23 |
  24 | // Register ChartJS components

https://nextjs.org/docs/messages/module-not-found
 тип ./src/app/statistics/page.tsx:21:1
Module not found: Can't resolve '@/components/ui/tabs'
  19 | import { Button } from '@/components/ui/button';
  20 | import { Card, CardContent, CardDescription, CardHeader, CardTitle } from '@/components/ui/card';
> 21 | import { Tabs, TabsContent, TabsList, TabsTrigger } from '@/components/ui/tabs';
     | ^
  22 | import { Select, SelectContent, SelectItem, SelectTrigger, SelectValue } from '@/components/ui/select';
  23 |
  24 | // Register ChartJS components

https://nextjs.org/docs/messages/module-not-found
 тип ./src/app/statistics/page.tsx:21:1
Module not found: Can't resolve '@/components/ui/tabs'
  19 | import { Button } from '@/components/ui/button';
  20 | import { Card, CardContent, CardDescription, CardHeader, CardTitle } from '@/components/ui/card';
> 21 | import { Tabs, TabsContent, TabsList, TabsTrigger } from '@/components/ui/tabs';
     | ^
  22 | import { Select, SelectContent, SelectItem, SelectTrigger, SelectValue } from '@/components/ui/select';
  23 |
  24 | // Register ChartJS components

https://nextjs.org/docs/messages/module-not-found
 тип ./src/app/statistics/page.tsx:21:1
Module not found: Can't resolve '@/components/ui/tabs'
  19 | import { Button } from '@/components/ui/button';
  20 | import { Card, CardContent, CardDescription, CardHeader, CardTitle } from '@/components/ui/card';
> 21 | import { Tabs, TabsContent, TabsList, TabsTrigger } from '@/components/ui/tabs';
     | ^
  22 | import { Select, SelectContent, SelectItem, SelectTrigger, SelectValue } from '@/components/ui/select';
  23 |
  24 | // Register ChartJS components

https://nextjs.org/docs/messages/module-not-found
 тип ./src/app/statistics/page.tsx:21:1
Module not found: Can't resolve '@/components/ui/tabs'
  19 | import { Button } from '@/components/ui/button';
  20 | import { Card, CardContent, CardDescription, CardHeader, CardTitle } from '@/components/ui/card';
> 21 | import { Tabs, TabsContent, TabsList, TabsTrigger } from '@/components/ui/tabs';
     | ^
  22 | import { Select, SelectContent, SelectItem, SelectTrigger, SelectValue } from '@/components/ui/select';
  23 |
  24 | // Register ChartJS components

https://nextjs.org/docs/messages/module-not-found
 тип ./src/app/statistics/page.tsx:21:1
Module not found: Can't resolve '@/components/ui/tabs'
  19 | import { Button } from '@/components/ui/button';
  20 | import { Card, CardContent, CardDescription, CardHeader, CardTitle } from '@/components/ui/card';
> 21 | import { Tabs, TabsContent, TabsList, TabsTrigger } from '@/components/ui/tabs';
     | ^
  22 | import { Select, SelectContent, SelectItem, SelectTrigger, SelectValue } from '@/components/ui/select';
  23 |
  24 | // Register ChartJS components

https://nextjs.org/docs/messages/module-not-found
 тип ./src/app/statistics/page.tsx:21:1
Module not found: Can't resolve '@/components/ui/tabs'
  19 | import { Button } from '@/components/ui/button';
  20 | import { Card, CardContent, CardDescription, CardHeader, CardTitle } from '@/components/ui/card';
> 21 | import { Tabs, TabsContent, TabsList, TabsTrigger } from '@/components/ui/tabs';
     | ^
  22 | import { Select, SelectContent, SelectItem, SelectTrigger, SelectValue } from '@/components/ui/select';
  23 |
  24 | // Register ChartJS components

https://nextjs.org/docs/messages/module-not-found
 тип ./src/app/statistics/page.tsx:21:1
Module not found: Can't resolve '@/components/ui/tabs'
  19 | import { Button } from '@/components/ui/button';
  20 | import { Card, CardContent, CardDescription, CardHeader, CardTitle } from '@/components/ui/card';
> 21 | import { Tabs, TabsContent, TabsList, TabsTrigger } from '@/components/ui/tabs';
     | ^
  22 | import { Select, SelectContent, SelectItem, SelectTrigger, SelectValue } from '@/components/ui/select';
  23 |
  24 | // Register ChartJS components

https://nextjs.org/docs/messages/module-not-found
 тип ./src/app/statistics/page.tsx:21:1
Module not found: Can't resolve '@/components/ui/tabs'
  19 | import { Button } from '@/components/ui/button';
  20 | import { Card, CardContent, CardDescription, CardHeader, CardTitle } from '@/components/ui/card';
> 21 | import { Tabs, TabsContent, TabsList, TabsTrigger } from '@/components/ui/tabs';
     | ^
  22 | import { Select, SelectContent, SelectItem, SelectTrigger, SelectValue } from '@/components/ui/select';
  23 |
  24 | // Register ChartJS components

https://nextjs.org/docs/messages/module-not-found
 тЪа Found a change in next.config.mjs. Restarting the server to apply the changes...
   тЦ▓ Next.js 15.1.6
   - Local:        http://localhost:3002
   - Network:      http://192.168.45.222:3002
   - Environments: .env.local

 тЬУ Starting...
 тЬУ Ready in 8.2s
 тЪа Found a change in next.config.mjs. Restarting the server to apply the changes...
node:internal/modules/esm/resolve:873
  throw new ERR_MODULE_NOT_FOUND(packageName, fileURLToPath(base), null);
        ^

Error: Cannot find package '@tamagui/next-plugin' imported from /Users/seunghoon/Documents/lottopass-frontend/apps/web/next.config.mjs
    at packageResolve (node:internal/modules/esm/resolve:873:9)
    at moduleResolve (node:internal/modules/esm/resolve:946:18)
    at defaultResolve (node:internal/modules/esm/resolve:1188:11)
    at ModuleLoader.defaultResolve (node:internal/modules/esm/loader:642:12)
    at #cachedDefaultResolve (node:internal/modules/esm/loader:591:25)
    at ModuleLoader.resolve (node:internal/modules/esm/loader:574:38)
    at ModuleLoader.getModuleJobForImport (node:internal/modules/esm/loader:236:38)
    at ModuleJob._link (node:internal/modules/esm/module_job:130:49) {
  code: 'ERR_MODULE_NOT_FOUND'
}

Node.js v20.19.4
[?25h
